2025-02-26 17:12:33,559 - INFO - Loading Diabetes model from ./app/model/Diadetection.keras_FILES
2025-02-26 17:12:33,787 - INFO - Diabetes model loaded successfully
2025-02-26 17:12:39,497 - INFO - Loading Diabetes model from ./app/model/Diadetection.keras_FILES
2025-02-26 17:12:39,668 - INFO - Diabetes model loaded successfully
2025-02-26 17:12:57,626 - INFO - Processed input before prediction: {'gender': 'female', 'age': 4, 'bmi': 20.0, 'glucose': 130.0, 'insulin': 20.0, 'blood_pressure': 110.0, 'pregnancies': 0, 'family_history': False, 'skin_thickness': 20, 'diabetes_pedigree_function': 0.2}
2025-02-26 17:12:57,626 - INFO - Received input data: {'gender': 'female', 'age': 4, 'bmi': 20.0, 'glucose': 130.0, 'insulin': 20.0, 'blood_pressure': 110.0, 'pregnancies': 0, 'family_history': False, 'skin_thickness': 20, 'diabetes_pedigree_function': 0.2}
2025-02-26 17:13:54,160 - INFO - Processed input before prediction: {'gender': 'male', 'age': 40, 'bmi': 30.5, 'glucose': 140.0, 'insulin': 120.0, 'blood_pressure': 85.0, 'pregnancies': 0, 'family_history': False, 'skin_thickness': 30, 'diabetes_pedigree_function': 0.2}
2025-02-26 17:13:54,160 - INFO - Received input data: {'gender': 'male', 'age': 40, 'bmi': 30.5, 'glucose': 140.0, 'insulin': 120.0, 'blood_pressure': 85.0, 'pregnancies': 0, 'family_history': False, 'skin_thickness': 30, 'diabetes_pedigree_function': 0.2}
2025-02-26 17:14:36,739 - INFO - Processed input before prediction: {'gender': 'female', 'age': 32, 'bmi': 28.3, 'glucose': 120.0, 'insulin': 85.0, 'blood_pressure': 80.0, 'pregnancies': 3, 'family_history': True, 'skin_thickness': 20, 'diabetes_pedigree_function': 0.6}
2025-02-26 17:14:36,739 - INFO - Received input data: {'gender': 'female', 'age': 32, 'bmi': 28.3, 'glucose': 120.0, 'insulin': 85.0, 'blood_pressure': 80.0, 'pregnancies': 3, 'family_history': True, 'skin_thickness': 20, 'diabetes_pedigree_function': 0.6}
2025-02-26 17:15:37,746 - INFO - Processed input before prediction: {'gender': 'female', 'age': 32, 'bmi': 28.3, 'glucose': 120.0, 'insulin': 85.0, 'blood_pressure': 80.0, 'pregnancies': 3, 'family_history': False, 'skin_thickness': 20, 'diabetes_pedigree_function': 0.2}
2025-02-26 17:15:37,746 - INFO - Received input data: {'gender': 'female', 'age': 32, 'bmi': 28.3, 'glucose': 120.0, 'insulin': 85.0, 'blood_pressure': 80.0, 'pregnancies': 3, 'family_history': False, 'skin_thickness': 20, 'diabetes_pedigree_function': 0.2}
2025-02-26 17:20:17,600 - INFO - Loading Diabetes model from ./app/model/Diadetection.keras_FILES
2025-02-26 17:20:17,801 - INFO - Diabetes model loaded successfully
2025-02-26 17:20:42,903 - INFO - Processed input before prediction: {'gender': 'female', 'age': 32, 'bmi': 28.3, 'glucose': 120.0, 'insulin': 85.0, 'blood_pressure': 80.0, 'pregnancies': 3, 'family_history': False, 'skin_thickness': 20, 'diabetes_pedigree_function': 0.2}
2025-02-26 17:20:42,903 - INFO - Received input data: {'gender': 'female', 'age': 32, 'bmi': 28.3, 'glucose': 120.0, 'insulin': 85.0, 'blood_pressure': 80.0, 'pregnancies': 3, 'family_history': False, 'skin_thickness': 20, 'diabetes_pedigree_function': 0.2}
2025-02-26 17:20:57,055 - INFO - Processed input before prediction: {'gender': 'male', 'age': 32, 'bmi': 28.3, 'glucose': 120.0, 'insulin': 85.0, 'blood_pressure': 80.0, 'pregnancies': 0, 'family_history': False, 'skin_thickness': 20, 'diabetes_pedigree_function': 0.2}
2025-02-26 17:20:57,056 - INFO - Received input data: {'gender': 'male', 'age': 32, 'bmi': 28.3, 'glucose': 120.0, 'insulin': 85.0, 'blood_pressure': 80.0, 'pregnancies': 0, 'family_history': False, 'skin_thickness': 20, 'diabetes_pedigree_function': 0.2}
2025-02-26 17:21:43,627 - INFO - Processed input before prediction: {'gender': 'female', 'age': 32, 'bmi': 28.3, 'glucose': 120.0, 'insulin': 85.0, 'blood_pressure': 80.0, 'pregnancies': 3, 'family_history': False, 'skin_thickness': 20, 'diabetes_pedigree_function': 0.2}
2025-02-26 17:21:43,628 - INFO - Received input data: {'gender': 'female', 'age': 32, 'bmi': 28.3, 'glucose': 120.0, 'insulin': 85.0, 'blood_pressure': 80.0, 'pregnancies': 3, 'family_history': False, 'skin_thickness': 20, 'diabetes_pedigree_function': 0.2}
2025-02-26 17:22:03,790 - INFO - Processed input before prediction: {'gender': 'female', 'age': 32, 'bmi': 28.3, 'glucose': 120.0, 'insulin': 80.0, 'blood_pressure': 80.0, 'pregnancies': 3, 'family_history': False, 'skin_thickness': 20, 'diabetes_pedigree_function': 0.2}
2025-02-26 17:22:03,790 - INFO - Received input data: {'gender': 'female', 'age': 32, 'bmi': 28.3, 'glucose': 120.0, 'insulin': 80.0, 'blood_pressure': 80.0, 'pregnancies': 3, 'family_history': False, 'skin_thickness': 20, 'diabetes_pedigree_function': 0.2}
2025-02-26 17:22:14,767 - INFO - Processed input before prediction: {'gender': 'female', 'age': 32, 'bmi': 28.3, 'glucose': 10.0, 'insulin': 80.0, 'blood_pressure': 80.0, 'pregnancies': 3, 'family_history': False, 'skin_thickness': 20, 'diabetes_pedigree_function': 0.2}
2025-02-26 17:22:14,767 - INFO - Received input data: {'gender': 'female', 'age': 32, 'bmi': 28.3, 'glucose': 10.0, 'insulin': 80.0, 'blood_pressure': 80.0, 'pregnancies': 3, 'family_history': False, 'skin_thickness': 20, 'diabetes_pedigree_function': 0.2}
2025-02-26 17:22:22,514 - INFO - Processed input before prediction: {'gender': 'female', 'age': 32, 'bmi': 28.3, 'glucose': 10.0, 'insulin': 80.0, 'blood_pressure': 70.0, 'pregnancies': 3, 'family_history': False, 'skin_thickness': 20, 'diabetes_pedigree_function': 0.2}
2025-02-26 17:22:22,514 - INFO - Received input data: {'gender': 'female', 'age': 32, 'bmi': 28.3, 'glucose': 10.0, 'insulin': 80.0, 'blood_pressure': 70.0, 'pregnancies': 3, 'family_history': False, 'skin_thickness': 20, 'diabetes_pedigree_function': 0.2}
2025-02-26 17:22:33,751 - INFO - Processed input before prediction: {'gender': 'female', 'age': 32, 'bmi': 28.3, 'glucose': 10.0, 'insulin': 80.0, 'blood_pressure': 70.0, 'pregnancies': 1, 'family_history': False, 'skin_thickness': 20, 'diabetes_pedigree_function': 0.2}
2025-02-26 17:22:33,751 - INFO - Received input data: {'gender': 'female', 'age': 32, 'bmi': 28.3, 'glucose': 10.0, 'insulin': 80.0, 'blood_pressure': 70.0, 'pregnancies': 1, 'family_history': False, 'skin_thickness': 20, 'diabetes_pedigree_function': 0.2}
2025-02-26 17:22:42,335 - INFO - Processed input before prediction: {'gender': 'female', 'age': 32, 'bmi': 28.3, 'glucose': 10.0, 'insulin': 70.0, 'blood_pressure': 70.0, 'pregnancies': 1, 'family_history': False, 'skin_thickness': 20, 'diabetes_pedigree_function': 0.2}
2025-02-26 17:22:42,336 - INFO - Received input data: {'gender': 'female', 'age': 32, 'bmi': 28.3, 'glucose': 10.0, 'insulin': 70.0, 'blood_pressure': 70.0, 'pregnancies': 1, 'family_history': False, 'skin_thickness': 20, 'diabetes_pedigree_function': 0.2}
2025-02-26 17:22:51,383 - INFO - Processed input before prediction: {'gender': 'female', 'age': 32, 'bmi': 21.3, 'glucose': 10.0, 'insulin': 70.0, 'blood_pressure': 70.0, 'pregnancies': 1, 'family_history': False, 'skin_thickness': 20, 'diabetes_pedigree_function': 0.2}
2025-02-26 17:22:51,385 - INFO - Received input data: {'gender': 'female', 'age': 32, 'bmi': 21.3, 'glucose': 10.0, 'insulin': 70.0, 'blood_pressure': 70.0, 'pregnancies': 1, 'family_history': False, 'skin_thickness': 20, 'diabetes_pedigree_function': 0.2}
2025-02-26 17:23:06,590 - INFO - Processed input before prediction: {'gender': 'female', 'age': 22, 'bmi': 21.3, 'glucose': 10.0, 'insulin': 70.0, 'blood_pressure': 70.0, 'pregnancies': 1, 'family_history': False, 'skin_thickness': 20, 'diabetes_pedigree_function': 0.2}
2025-02-26 17:23:06,590 - INFO - Received input data: {'gender': 'female', 'age': 22, 'bmi': 21.3, 'glucose': 10.0, 'insulin': 70.0, 'blood_pressure': 70.0, 'pregnancies': 1, 'family_history': False, 'skin_thickness': 20, 'diabetes_pedigree_function': 0.2}
2025-02-28 16:21:06,106 - INFO - Loading Diabetes model from ./app/model/Diadetection.keras_FILES
2025-02-28 16:21:06,284 - INFO - Diabetes model loaded successfully
2025-02-28 16:21:22,184 - INFO - Loading Diabetes model from ./app/model/Diadetection.keras_FILES
2025-02-28 16:21:22,379 - INFO - Diabetes model loaded successfully
